Warning: DeliveryProcess:Processo iVan: missing resource file './../../Processo iVan/deliveryprocesses/Planejamento da Itera&ccedil;&atilde;o_822E8419.html'
Warning: DeliveryProcess:Processo iVan: missing resource file './../../Processo iVan/deliveryprocesses/Itera&ccedil;&atilde;o_9D219D59.html'
Warning: DeliveryProcess:Processo iVan: missing resource file './../../Processo iVan/deliveryprocesses/Planejamento da Itera&ccedil;&atilde;o_822E8419.html'
Warning: DeliveryProcess:Processo iVan: missing resource file './../../Processo iVan/deliveryprocesses/Itera&ccedil;&atilde;o_9D219D59.html'
Warning: Phase:Planejamento da Iteração: missing resource file './../../Processo iVan/deliveryprocesses/resources/Planejamento da Itera&ccedil;&atilde;o_822E8419_Activity.jpeg'
Warning: Phase:Planejamento da Iteração: missing resource file './../../Processo iVan/deliveryprocesses/Planejar Itera&ccedil;&atilde;o_931FFBAC.html'
Warning: Phase:Planejamento da Iteração: missing resource file './../../Processo iVan/deliveryprocesses/resources/Planejamento da Itera&ccedil;&atilde;o_822E8419_Activity.jpeg'
Warning: Phase:Planejamento da Iteração: missing resource file './../../Processo iVan/deliveryprocesses/Planejar Itera&ccedil;&atilde;o_931FFBAC.html'
Warning: Activity:Planejar Iteração: missing resource file './../../Processo iVan/deliveryprocesses/resources/Planejar Itera&ccedil;&atilde;o_931FFBAC_Activity.jpeg'
Warning: Activity:Planejar Iteração: missing resource file './../../Processo iVan/deliveryprocesses/resources/Planejar Itera&ccedil;&atilde;o_931FFBAC_ActivityDetail.jpeg'
Warning: Activity:Planejar Iteração: missing resource file './../../Processo iVan/deliveryprocesses/Planejamento da Itera&ccedil;&atilde;o_822E8419.html'
Warning: Activity:Planejar Iteração: missing resource file './../../Processo iVan/deliveryprocesses/resources/Planejar Itera&ccedil;&atilde;o_931FFBAC_Activity.jpeg'
Warning: Activity:Planejar Iteração: missing resource file './../../Processo iVan/deliveryprocesses/resources/Planejar Itera&ccedil;&atilde;o_931FFBAC_ActivityDetail.jpeg'
Warning: Task:definir_prioridade_iteracao: missing resource file './../../Processo iVan/deliveryprocesses/Planejamento da Itera&ccedil;&atilde;o_822E8419.html'
Warning: Task:definir_prioridade_iteracao: missing resource file './../../Processo iVan/deliveryprocesses/Planejar Itera&ccedil;&atilde;o_931FFBAC.html'
Warning: Role:gerente_da_iteracao: missing resource file './../../Processo iVan/deliveryprocesses/Planejamento da Itera&ccedil;&atilde;o_822E8419.html'
Warning: Role:gerente_da_iteracao: missing resource file './../../Processo iVan/deliveryprocesses/Planejar Itera&ccedil;&atilde;o_931FFBAC.html'
Warning: Role:desenvolvedor: missing resource file './../../Processo iVan/deliveryprocesses/Itera&ccedil;&atilde;o_9D219D59.html'
Warning: Role:desenvolvedor: missing resource file './../../Processo iVan/deliveryprocesses/Implementa&ccedil;&atilde;o_321718E8.html'
Warning: Role:desenvolvedor: missing resource file './../../Processo iVan/deliveryprocesses/Planejamento da Itera&ccedil;&atilde;o_822E8419.html'
Warning: Role:desenvolvedor: missing resource file './../../Processo iVan/deliveryprocesses/Planejar Itera&ccedil;&atilde;o_931FFBAC.html'
Warning: Artifact:projeto_implementado: missing resource file './../../Processo iVan/deliveryprocesses/Planejamento da Itera&ccedil;&atilde;o_822E8419.html'
Warning: Artifact:projeto_implementado: missing resource file './../../Processo iVan/deliveryprocesses/Planejar Itera&ccedil;&atilde;o_931FFBAC.html'
Warning: Artifact:funcionalidade_escolhida: missing resource file './../../Processo iVan/deliveryprocesses/Planejamento da Itera&ccedil;&atilde;o_822E8419.html'
Warning: Artifact:funcionalidade_escolhida: missing resource file './../../Processo iVan/deliveryprocesses/Planejar Itera&ccedil;&atilde;o_931FFBAC.html'
Warning: Task:montar_plano_de_iteracao: missing resource file './../../Processo iVan/deliveryprocesses/Planejamento da Itera&ccedil;&atilde;o_822E8419.html'
Warning: Task:montar_plano_de_iteracao: missing resource file './../../Processo iVan/deliveryprocesses/Planejar Itera&ccedil;&atilde;o_931FFBAC.html'
Warning: Outcome:plano_de_iteracao: missing resource file './../../Processo iVan/deliveryprocesses/Planejamento da Itera&ccedil;&atilde;o_822E8419.html'
Warning: Outcome:plano_de_iteracao: missing resource file './../../Processo iVan/deliveryprocesses/Planejar Itera&ccedil;&atilde;o_931FFBAC.html'
Warning: Task:revisar_documentacao: missing resource file './../../Processo iVan/deliveryprocesses/Planejamento da Itera&ccedil;&atilde;o_822E8419.html'
Warning: Task:revisar_documentacao: missing resource file './../../Processo iVan/deliveryprocesses/Planejar Itera&ccedil;&atilde;o_931FFBAC.html'
Warning: Artifact:documentacao_do_projeto_implementado: missing resource file './../../Processo iVan/deliveryprocesses/Planejamento da Itera&ccedil;&atilde;o_822E8419.html'
Warning: Artifact:documentacao_do_projeto_implementado: missing resource file './../../Processo iVan/deliveryprocesses/Planejar Itera&ccedil;&atilde;o_931FFBAC.html'
Warning: Iteration:Iteração: missing resource file './../../Processo iVan/deliveryprocesses/resources/Itera&ccedil;&atilde;o_9D219D59_Activity.jpeg'
Warning: Iteration:Iteração: missing resource file './../../Processo iVan/deliveryprocesses/Implementa&ccedil;&atilde;o_321718E8.html'
Warning: Iteration:Iteração: missing resource file './../../Processo iVan/deliveryprocesses/Valida&ccedil;&atilde;o_B5348183.html'
Warning: Iteration:Iteração: missing resource file './../../Processo iVan/deliveryprocesses/resources/Itera&ccedil;&atilde;o_9D219D59_Activity.jpeg'
Warning: Iteration:Iteração: missing resource file './../../Processo iVan/deliveryprocesses/Implementa&ccedil;&atilde;o_321718E8.html'
Warning: Iteration:Iteração: missing resource file './../../Processo iVan/deliveryprocesses/Valida&ccedil;&atilde;o_B5348183.html'
Warning: Phase:Implementação: missing resource file './../../Processo iVan/deliveryprocesses/resources/Implementa&ccedil;&atilde;o_321718E8_Activity.jpeg'
Warning: Phase:Implementação: missing resource file './../../Processo iVan/deliveryprocesses/Itera&ccedil;&atilde;o_9D219D59.html'
Warning: Phase:Implementação: missing resource file './../../Processo iVan/deliveryprocesses/resources/Implementa&ccedil;&atilde;o_321718E8_Activity.jpeg'
Warning: Activity:Implementar Funcionalidade: missing resource file './../../Processo iVan/deliveryprocesses/Implementa&ccedil;&atilde;o_321718E8.html'
Warning: Task:implementar_funcionalidade: missing resource file './../../Processo iVan/deliveryprocesses/Itera&ccedil;&atilde;o_9D219D59.html'
Warning: Task:implementar_funcionalidade: missing resource file './../../Processo iVan/deliveryprocesses/Implementa&ccedil;&atilde;o_321718E8.html'
Warning: Artifact:plano_de_iteracao: missing resource file './../../Processo iVan/deliveryprocesses/Itera&ccedil;&atilde;o_9D219D59.html'
Warning: Artifact:plano_de_iteracao: missing resource file './../../Processo iVan/deliveryprocesses/Implementa&ccedil;&atilde;o_321718E8.html'
Warning: Outcome:funcionalidade_implementada: missing resource file './../../Processo iVan/deliveryprocesses/Itera&ccedil;&atilde;o_9D219D59.html'
Warning: Outcome:funcionalidade_implementada: missing resource file './../../Processo iVan/deliveryprocesses/Implementa&ccedil;&atilde;o_321718E8.html'
Warning: Phase:Teste: missing resource file './../../Processo iVan/deliveryprocesses/Itera&ccedil;&atilde;o_9D219D59.html'
Warning: Task:testar_funcionalidade: missing resource file './../../Processo iVan/deliveryprocesses/Itera&ccedil;&atilde;o_9D219D59.html'
Warning: Phase:Validação: missing resource file './../../Processo iVan/deliveryprocesses/resources/Valida&ccedil;&atilde;o_B5348183_Activity.jpeg'
Warning: Phase:Validação: missing resource file './../../Processo iVan/deliveryprocesses/Itera&ccedil;&atilde;o_9D219D59.html'
Warning: Phase:Validação: missing resource file './../../Processo iVan/deliveryprocesses/resources/Valida&ccedil;&atilde;o_B5348183_Activity.jpeg'
Warning: Activity:Validar Funcionalidade: missing resource file './../../Processo iVan/deliveryprocesses/Valida&ccedil;&atilde;o_B5348183.html'
Warning: Task:validar_funcionalidade: missing resource file './../../Processo iVan/deliveryprocesses/Itera&ccedil;&atilde;o_9D219D59.html'
Warning: Task:validar_funcionalidade: missing resource file './../../Processo iVan/deliveryprocesses/Valida&ccedil;&atilde;o_B5348183.html'
Warning: Artifact:funcionalidade_testada: missing resource file './../../Processo iVan/deliveryprocesses/Itera&ccedil;&atilde;o_9D219D59.html'
Warning: Artifact:funcionalidade_testada: missing resource file './../../Processo iVan/deliveryprocesses/Valida&ccedil;&atilde;o_B5348183.html'
Warning: Outcome:funcionalidade_validada: missing resource file './../../Processo iVan/deliveryprocesses/Itera&ccedil;&atilde;o_9D219D59.html'
Warning: Outcome:funcionalidade_validada: missing resource file './../../Processo iVan/deliveryprocesses/Valida&ccedil;&atilde;o_B5348183.html'
