Warning: DeliveryProcess:Desenvolvimento de Testes: missing resource file './../../desenvolvimento_de_testes/deliveryprocesses/Prepara&ccedil;&atilde;o_ADB0C629.html'
Warning: DeliveryProcess:Desenvolvimento de Testes: missing resource file './../../desenvolvimento_de_testes/deliveryprocesses/Constru&ccedil;&atilde;o_945E8D45.html'
Warning: DeliveryProcess:Desenvolvimento de Testes: missing resource file './../../desenvolvimento_de_testes/deliveryprocesses/Documenta&ccedil;&atilde;o_C0C35E8.html'
Warning: DeliveryProcess:Desenvolvimento de Testes: missing resource file './../../desenvolvimento_de_testes/deliveryprocesses/Prepara&ccedil;&atilde;o_ADB0C629.html'
Warning: DeliveryProcess:Desenvolvimento de Testes: missing resource file './../../desenvolvimento_de_testes/deliveryprocesses/Constru&ccedil;&atilde;o_945E8D45.html'
Warning: DeliveryProcess:Desenvolvimento de Testes: missing resource file './../../desenvolvimento_de_testes/deliveryprocesses/Documenta&ccedil;&atilde;o_C0C35E8.html'
Warning: Phase:Preparação: missing resource file './../../desenvolvimento_de_testes/deliveryprocesses/resources/Prepara&ccedil;&atilde;o_ADB0C629_Activity.jpeg'
Warning: Phase:Preparação: missing resource file './../../desenvolvimento_de_testes/deliveryprocesses/Prepara&ccedil;&atilde;o do Ambiente_C65423C4.html'
Warning: Phase:Preparação: missing resource file './../../desenvolvimento_de_testes/deliveryprocesses/Concep&ccedil;&atilde;o da Feature_EDB46BAF.html'
Warning: Phase:Preparação: missing resource file './../../desenvolvimento_de_testes/deliveryprocesses/resources/Prepara&ccedil;&atilde;o_ADB0C629_Activity.jpeg'
Warning: Phase:Preparação: missing resource file './../../desenvolvimento_de_testes/deliveryprocesses/Prepara&ccedil;&atilde;o do Ambiente_C65423C4.html'
Warning: Phase:Preparação: missing resource file './../../desenvolvimento_de_testes/deliveryprocesses/Concep&ccedil;&atilde;o da Feature_EDB46BAF.html'
Warning: Activity:Preparação do Ambiente: missing resource file './../../desenvolvimento_de_testes/deliveryprocesses/resources/Prepara&ccedil;&atilde;o do Ambiente_C65423C4_Activity.jpeg'
Warning: Activity:Preparação do Ambiente: missing resource file './../../desenvolvimento_de_testes/deliveryprocesses/Prepara&ccedil;&atilde;o_ADB0C629.html'
Warning: Activity:Preparação do Ambiente: missing resource file './../../desenvolvimento_de_testes/deliveryprocesses/resources/Prepara&ccedil;&atilde;o do Ambiente_C65423C4_Activity.jpeg'
Warning: Activity:Concepção da Feature: missing resource file './../../desenvolvimento_de_testes/deliveryprocesses/resources/Concep&ccedil;&atilde;o da Feature_EDB46BAF_Activity.jpeg'
Warning: Activity:Concepção da Feature: missing resource file './../../desenvolvimento_de_testes/deliveryprocesses/resources/Concep&ccedil;&atilde;o da Feature_EDB46BAF_ActivityDetail.jpeg'
Warning: Activity:Concepção da Feature: missing resource file './../../desenvolvimento_de_testes/deliveryprocesses/Prepara&ccedil;&atilde;o_ADB0C629.html'
Warning: Activity:Concepção da Feature: missing resource file './../../desenvolvimento_de_testes/deliveryprocesses/resources/Concep&ccedil;&atilde;o da Feature_EDB46BAF_Activity.jpeg'
Warning: Activity:Concepção da Feature: missing resource file './../../desenvolvimento_de_testes/deliveryprocesses/resources/Concep&ccedil;&atilde;o da Feature_EDB46BAF_ActivityDetail.jpeg'
Warning: Phase:Construção: missing resource file './../../desenvolvimento_de_testes/deliveryprocesses/resources/Constru&ccedil;&atilde;o_945E8D45_Activity.jpeg'
Warning: Phase:Construção: missing resource file './../../desenvolvimento_de_testes/deliveryprocesses/Constru&ccedil;&atilde;o da Funcionalidade_AC7BA62.html'
Warning: Phase:Construção: missing resource file './../../desenvolvimento_de_testes/deliveryprocesses/resources/Constru&ccedil;&atilde;o_945E8D45_Activity.jpeg'
Warning: Phase:Construção: missing resource file './../../desenvolvimento_de_testes/deliveryprocesses/Constru&ccedil;&atilde;o da Funcionalidade_AC7BA62.html'
Warning: Activity:Construção da Funcionalidade: missing resource file './../../desenvolvimento_de_testes/deliveryprocesses/resources/Constru&ccedil;&atilde;o da Funcionalidade_AC7BA62_Activity.jpeg'
Warning: Activity:Construção da Funcionalidade: missing resource file './../../desenvolvimento_de_testes/deliveryprocesses/resources/Constru&ccedil;&atilde;o da Funcionalidade_AC7BA62_ActivityDetail.jpeg'
Warning: Activity:Construção da Funcionalidade: missing resource file './../../desenvolvimento_de_testes/deliveryprocesses/Constru&ccedil;&atilde;o_945E8D45.html'
Warning: Activity:Construção da Funcionalidade: missing resource file './../../desenvolvimento_de_testes/deliveryprocesses/resources/Constru&ccedil;&atilde;o da Funcionalidade_AC7BA62_Activity.jpeg'
Warning: Activity:Construção da Funcionalidade: missing resource file './../../desenvolvimento_de_testes/deliveryprocesses/resources/Constru&ccedil;&atilde;o da Funcionalidade_AC7BA62_ActivityDetail.jpeg'
Warning: Activity:Teste da Feature: missing resource file './../../desenvolvimento_de_testes/deliveryprocesses/Constru&ccedil;&atilde;o_945E8D45.html'
Warning: Phase:Documentação: missing resource file './../../desenvolvimento_de_testes/deliveryprocesses/resources/Documenta&ccedil;&atilde;o_C0C35E8_Activity.jpeg'
Warning: Phase:Documentação: missing resource file './../../desenvolvimento_de_testes/deliveryprocesses/Relat&oacute;rio do Teste_3450A491.html'
Warning: Phase:Documentação: missing resource file './../../desenvolvimento_de_testes/deliveryprocesses/resources/Documenta&ccedil;&atilde;o_C0C35E8_Activity.jpeg'
Warning: Phase:Documentação: missing resource file './../../desenvolvimento_de_testes/deliveryprocesses/Relat&oacute;rio do Teste_3450A491.html'
Warning: Activity:Relatório do Teste: missing resource file './../../desenvolvimento_de_testes/deliveryprocesses/resources/Relat&oacute;rio do Teste_3450A491_Activity.jpeg'
Warning: Activity:Relatório do Teste: missing resource file './../../desenvolvimento_de_testes/deliveryprocesses/resources/Relat&oacute;rio do Teste_3450A491_ActivityDetail.jpeg'
Warning: Activity:Relatório do Teste: missing resource file './../../desenvolvimento_de_testes/deliveryprocesses/Documenta&ccedil;&atilde;o_C0C35E8.html'
Warning: Activity:Relatório do Teste: missing resource file './../../desenvolvimento_de_testes/deliveryprocesses/resources/Relat&oacute;rio do Teste_3450A491_Activity.jpeg'
Warning: Activity:Relatório do Teste: missing resource file './../../desenvolvimento_de_testes/deliveryprocesses/resources/Relat&oacute;rio do Teste_3450A491_ActivityDetail.jpeg'
Warning: Task:instalar_ferramentas_de_teste: missing resource file './../../desenvolvimento_de_testes/deliveryprocesses/Prepara&ccedil;&atilde;o_ADB0C629.html'
Warning: Task:instalar_ferramentas_de_teste: missing resource file './../../desenvolvimento_de_testes/deliveryprocesses/Prepara&ccedil;&atilde;o do Ambiente_C65423C4.html'
Warning: Task:identificacao_de_funcionalidade: missing resource file './../../desenvolvimento_de_testes/deliveryprocesses/Prepara&ccedil;&atilde;o_ADB0C629.html'
Warning: Task:identificacao_de_funcionalidade: missing resource file './../../desenvolvimento_de_testes/deliveryprocesses/Concep&ccedil;&atilde;o da Feature_EDB46BAF.html'
Warning: Task:identificacao_de_cenario: missing resource file './../../desenvolvimento_de_testes/deliveryprocesses/Prepara&ccedil;&atilde;o_ADB0C629.html'
Warning: Task:identificacao_de_cenario: missing resource file './../../desenvolvimento_de_testes/deliveryprocesses/Concep&ccedil;&atilde;o da Feature_EDB46BAF.html'
Warning: Task:identificacao_de_papeis: missing resource file './../../desenvolvimento_de_testes/deliveryprocesses/Prepara&ccedil;&atilde;o_ADB0C629.html'
Warning: Task:identificacao_de_papeis: missing resource file './../../desenvolvimento_de_testes/deliveryprocesses/Concep&ccedil;&atilde;o da Feature_EDB46BAF.html'
Warning: Role:desenvolvedor_de_testes: missing resource file './../../desenvolvimento_de_testes/deliveryprocesses/Prepara&ccedil;&atilde;o_ADB0C629.html'
Warning: Role:desenvolvedor_de_testes: missing resource file './../../desenvolvimento_de_testes/deliveryprocesses/Concep&ccedil;&atilde;o da Feature_EDB46BAF.html'
Warning: Role:desenvolvedor_de_testes: missing resource file './../../desenvolvimento_de_testes/deliveryprocesses/Constru&ccedil;&atilde;o_945E8D45.html'
Warning: Role:desenvolvedor_de_testes: missing resource file './../../desenvolvimento_de_testes/deliveryprocesses/Constru&ccedil;&atilde;o da Funcionalidade_AC7BA62.html'
Warning: Role:desenvolvedor_de_testes: missing resource file './../../desenvolvimento_de_testes/deliveryprocesses/Documenta&ccedil;&atilde;o_C0C35E8.html'
Warning: Role:desenvolvedor_de_testes: missing resource file './../../desenvolvimento_de_testes/deliveryprocesses/Relat&oacute;rio do Teste_3450A491.html'
Warning: Artifact:feature_de_teste_incompleta: missing resource file './../../desenvolvimento_de_testes/deliveryprocesses/Prepara&ccedil;&atilde;o_ADB0C629.html'
Warning: Artifact:feature_de_teste_incompleta: missing resource file './../../desenvolvimento_de_testes/deliveryprocesses/Concep&ccedil;&atilde;o da Feature_EDB46BAF.html'
Warning: Artifact:feature_de_teste_incompleta: missing resource file './../../desenvolvimento_de_testes/deliveryprocesses/Constru&ccedil;&atilde;o_945E8D45.html'
Warning: Artifact:feature_de_teste_incompleta: missing resource file './../../desenvolvimento_de_testes/deliveryprocesses/Constru&ccedil;&atilde;o da Funcionalidade_AC7BA62.html'
Warning: Artifact:feature_de_teste_incompleta: missing resource file './../../desenvolvimento_de_testes/deliveryprocesses/Documenta&ccedil;&atilde;o_C0C35E8.html'
Warning: Artifact:feature_de_teste_incompleta: missing resource file './../../desenvolvimento_de_testes/deliveryprocesses/Relat&oacute;rio do Teste_3450A491.html'
Warning: Task:implementacao_da_funcionalidade: missing resource file './../../desenvolvimento_de_testes/deliveryprocesses/Constru&ccedil;&atilde;o_945E8D45.html'
Warning: Task:implementacao_da_funcionalidade: missing resource file './../../desenvolvimento_de_testes/deliveryprocesses/Constru&ccedil;&atilde;o da Funcionalidade_AC7BA62.html'
Warning: Task:implementao_de_cenarios: missing resource file './../../desenvolvimento_de_testes/deliveryprocesses/Constru&ccedil;&atilde;o_945E8D45.html'
Warning: Task:implementao_de_cenarios: missing resource file './../../desenvolvimento_de_testes/deliveryprocesses/Constru&ccedil;&atilde;o da Funcionalidade_AC7BA62.html'
Warning: Artifact:feature_de_teste_completa: missing resource file './../../desenvolvimento_de_testes/deliveryprocesses/Prepara&ccedil;&atilde;o_ADB0C629.html'
Warning: Artifact:feature_de_teste_completa: missing resource file './../../desenvolvimento_de_testes/deliveryprocesses/Concep&ccedil;&atilde;o da Feature_EDB46BAF.html'
Warning: Artifact:feature_de_teste_completa: missing resource file './../../desenvolvimento_de_testes/deliveryprocesses/Constru&ccedil;&atilde;o_945E8D45.html'
Warning: Artifact:feature_de_teste_completa: missing resource file './../../desenvolvimento_de_testes/deliveryprocesses/Constru&ccedil;&atilde;o da Funcionalidade_AC7BA62.html'
Warning: Artifact:feature_de_teste_completa: missing resource file './../../desenvolvimento_de_testes/deliveryprocesses/Documenta&ccedil;&atilde;o_C0C35E8.html'
Warning: Artifact:feature_de_teste_completa: missing resource file './../../desenvolvimento_de_testes/deliveryprocesses/Relat&oacute;rio do Teste_3450A491.html'
Warning: Task:utilizar_ferramenta_automatizada: missing resource file './../../desenvolvimento_de_testes/deliveryprocesses/Constru&ccedil;&atilde;o_945E8D45.html'
Warning: Task:identificar_erros: missing resource file './../../desenvolvimento_de_testes/deliveryprocesses/Constru&ccedil;&atilde;o_945E8D45.html'
Warning: Task:consertar_erros: missing resource file './../../desenvolvimento_de_testes/deliveryprocesses/Constru&ccedil;&atilde;o_945E8D45.html'
Warning: Artifact:feature_de_teste_finalizada: missing resource file './../../desenvolvimento_de_testes/deliveryprocesses/Prepara&ccedil;&atilde;o_ADB0C629.html'
Warning: Artifact:feature_de_teste_finalizada: missing resource file './../../desenvolvimento_de_testes/deliveryprocesses/Concep&ccedil;&atilde;o da Feature_EDB46BAF.html'
Warning: Artifact:feature_de_teste_finalizada: missing resource file './../../desenvolvimento_de_testes/deliveryprocesses/Constru&ccedil;&atilde;o_945E8D45.html'
Warning: Artifact:feature_de_teste_finalizada: missing resource file './../../desenvolvimento_de_testes/deliveryprocesses/Constru&ccedil;&atilde;o da Funcionalidade_AC7BA62.html'
Warning: Artifact:feature_de_teste_finalizada: missing resource file './../../desenvolvimento_de_testes/deliveryprocesses/Documenta&ccedil;&atilde;o_C0C35E8.html'
Warning: Artifact:feature_de_teste_finalizada: missing resource file './../../desenvolvimento_de_testes/deliveryprocesses/Relat&oacute;rio do Teste_3450A491.html'
Warning: Task:documentar_erros: missing resource file './../../desenvolvimento_de_testes/deliveryprocesses/Documenta&ccedil;&atilde;o_C0C35E8.html'
Warning: Task:documentar_erros: missing resource file './../../desenvolvimento_de_testes/deliveryprocesses/Relat&oacute;rio do Teste_3450A491.html'
Warning: Task:revisar_relatorio_final: missing resource file './../../desenvolvimento_de_testes/deliveryprocesses/Documenta&ccedil;&atilde;o_C0C35E8.html'
Warning: Task:revisar_relatorio_final: missing resource file './../../desenvolvimento_de_testes/deliveryprocesses/Relat&oacute;rio do Teste_3450A491.html'
Warning: Role:coordenador_dos_testes: missing resource file './../../desenvolvimento_de_testes/deliveryprocesses/Documenta&ccedil;&atilde;o_C0C35E8.html'
Warning: Role:coordenador_dos_testes: missing resource file './../../desenvolvimento_de_testes/deliveryprocesses/Relat&oacute;rio do Teste_3450A491.html'
Warning: Artifact:relatorio_final_de_testes: missing resource file './../../desenvolvimento_de_testes/deliveryprocesses/Prepara&ccedil;&atilde;o_ADB0C629.html'
Warning: Artifact:relatorio_final_de_testes: missing resource file './../../desenvolvimento_de_testes/deliveryprocesses/Concep&ccedil;&atilde;o da Feature_EDB46BAF.html'
Warning: Artifact:relatorio_final_de_testes: missing resource file './../../desenvolvimento_de_testes/deliveryprocesses/Constru&ccedil;&atilde;o_945E8D45.html'
Warning: Artifact:relatorio_final_de_testes: missing resource file './../../desenvolvimento_de_testes/deliveryprocesses/Constru&ccedil;&atilde;o da Funcionalidade_AC7BA62.html'
Warning: Artifact:relatorio_final_de_testes: missing resource file './../../desenvolvimento_de_testes/deliveryprocesses/Documenta&ccedil;&atilde;o_C0C35E8.html'
Warning: Artifact:relatorio_final_de_testes: missing resource file './../../desenvolvimento_de_testes/deliveryprocesses/Relat&oacute;rio do Teste_3450A491.html'
Warning: Artifact:ambiente_preparado_para_o_desenvolvimento: missing resource file './../../desenvolvimento_de_testes/deliveryprocesses/Prepara&ccedil;&atilde;o_ADB0C629.html'
Warning: Artifact:ambiente_preparado_para_o_desenvolvimento: missing resource file './../../desenvolvimento_de_testes/deliveryprocesses/Prepara&ccedil;&atilde;o do Ambiente_C65423C4.html'
Warning: Artifact:ambiente_preparado_para_o_desenvolvimento: missing resource file './../../desenvolvimento_de_testes/deliveryprocesses/Concep&ccedil;&atilde;o da Feature_EDB46BAF.html'
Warning: Artifact:ambiente_preparado_para_o_desenvolvimento: missing resource file './../../desenvolvimento_de_testes/deliveryprocesses/Constru&ccedil;&atilde;o_945E8D45.html'
Warning: Artifact:ambiente_preparado_para_o_desenvolvimento: missing resource file './../../desenvolvimento_de_testes/deliveryprocesses/Constru&ccedil;&atilde;o da Funcionalidade_AC7BA62.html'
Warning: Artifact:ambiente_preparado_para_o_desenvolvimento: missing resource file './../../desenvolvimento_de_testes/deliveryprocesses/Documenta&ccedil;&atilde;o_C0C35E8.html'
Warning: Artifact:ambiente_preparado_para_o_desenvolvimento: missing resource file './../../desenvolvimento_de_testes/deliveryprocesses/Relat&oacute;rio do Teste_3450A491.html'
